<?xml version="1.0" encoding="UTF-8"?>
<!-- Generated by org.testng.reporters.JUnitXMLReporter -->
<testsuite ignored="0" hostname="DESKTOP-M94F8C6" failures="0" tests="3" name="Test" time="2.327" errors="0" timestamp="2023-01-11T11:49:43 IST">
  <testcase classname="com.testCases.TestCase1" name="tc1" time="0.076"/>
  <testcase classname="com.testCases.TestCase3" name="tc3" time="0.002"/>
  <testcase classname="com.testCases.TestCase2" name="tc2" time="0.002"/>
</testsuite> <!-- Test -->
